<?xml version="1.0" encoding="UTF-8"?>
<!-- Generated by org.testng.reporters.JUnitReportReporter -->
<testsuite hostname="GLB-330-PC" failures="0" tests="2" name="com.Test.AssertUses" time="35.479" errors="0" timestamp="20 Apr 2019 07:27:08 GMT" skipped="0">
  <testcase classname="com.Test.AssertUses" name="GoogleTitleTest" time="26.292"/>
  <testcase classname="com.Test.AssertUses" name="GoogleLogoTest" time="9.187"/>
</testsuite> <!-- com.Test.AssertUses -->
