<?xml version="1.0" encoding="UTF-8"?>
<!-- Generated by org.testng.reporters.JUnitReportReporter -->
<testsuite hostname="GLB-330-PC" failures="0" tests="10" name="com.Test.InvocationCountTest" time="0.017" errors="0" timestamp="20 Apr 2019 07:27:08 GMT" skipped="0">
  <testcase classname="com.Test.InvocationCountTest" name="sum" time="0.001"/>
  <testcase classname="com.Test.InvocationCountTest" name="sum" time="0.002"/>
  <testcase classname="com.Test.InvocationCountTest" name="sum" time="0.001"/>
  <testcase classname="com.Test.InvocationCountTest" name="sum" time="0.001"/>
  <testcase classname="com.Test.InvocationCountTest" name="sum" time="0.005"/>
  <testcase classname="com.Test.InvocationCountTest" name="sum" time="0.004"/>
  <testcase classname="com.Test.InvocationCountTest" name="sum" time="0.001"/>
  <testcase classname="com.Test.InvocationCountTest" name="sum" time="0.001"/>
  <testcase classname="com.Test.InvocationCountTest" name="sum" time="0.000"/>
  <testcase classname="com.Test.InvocationCountTest" name="sum" time="0.001"/>
</testsuite> <!-- com.Test.InvocationCountTest -->
