<?xml version="1.0" encoding="UTF-8"?>
<!-- Generated by org.testng.reporters.JUnitReportReporter -->
<testsuite hostname="GLB-330-PC" failures="0" tests="2" name="com.Test.TestNgBasics" time="0.012" errors="0" timestamp="28 Apr 2019 12:53:58 GMT" skipped="0">
  <testcase classname="com.Test.TestNgBasics" name="searchTest" time="0.004"/>
  <testcase classname="com.Test.TestNgBasics" name="googleTitleTest" time="0.008"/>
</testsuite> <!-- com.Test.TestNgBasics -->
