<?xml version="1.0" encoding="UTF-8"?>
<!-- Generated by org.testng.reporters.JUnitReportReporter -->
<testsuite hostname="GLB-330-PC" failures="0" tests="1" name="com.Test.ExceptionTimeOutTest" time="0.006" errors="0" timestamp="20 Apr 2019 07:27:08 GMT" skipped="0">
  <testcase classname="com.Test.ExceptionTimeOutTest" name="test1" time="0.006"/>
</testsuite> <!-- com.Test.ExceptionTimeOutTest -->
